This is XeTeX, Version 3.14159265-2.6-0.99999 (TeX Live 2018/W32TeX) (preloaded format=xelatex 2019.4.15)  26 AUG 2019 11:23
entering extended mode
 restricted \write18 enabled.
 %&-line parsing enabled.
**OrplastHaf.tex
(./OrplastHaf.tex
LaTeX2e <2018-12-01>
(c:/Users/BioPol VS/AppData/Roaming/TinyTeX/texmf-dist/tex/latex/base/book.cls
Document Class: book 2018/09/03 v1.4i Standard LaTeX document class
(c:/Users/BioPol VS/AppData/Roaming/TinyTeX/texmf-dist/tex/latex/base/bk10.clo
File: bk10.clo 2018/09/03 v1.4i Standard LaTeX file (size option)
)
\c@part=\count80
\c@chapter=\count81
\c@section=\count82
\c@subsection=\count83
\c@subsubsection=\count84
\c@paragraph=\count85
\c@subparagraph=\count86
\c@figure=\count87
\c@table=\count88
\abovecaptionskip=\skip41
\belowcaptionskip=\skip42
\bibindent=\dimen102
)
(c:/Users/BioPol VS/AppData/Roaming/TinyTeX/texmf-dist/tex/latex/lm/lmodern.sty
Package: lmodern 2009/10/30 v1.6 Latin Modern Fonts
LaTeX Font Info:    Overwriting symbol font `operators' in version `normal'
(Font)                  OT1/cmr/m/n --> OT1/lmr/m/n on input line 22.
LaTeX Font Info:    Overwriting symbol font `letters' in version `normal'
(Font)                  OML/cmm/m/it --> OML/lmm/m/it on input line 23.
LaTeX Font Info:    Overwriting symbol font `symbols' in version `normal'
(Font)                  OMS/cmsy/m/n --> OMS/lmsy/m/n on input line 24.
LaTeX Font Info:    Overwriting symbol font `largesymbols' in version `normal'
(Font)                  OMX/cmex/m/n --> OMX/lmex/m/n on input line 25.
LaTeX Font Info:    Overwriting symbol font `operators' in version `bold'
(Font)                  OT1/cmr/bx/n --> OT1/lmr/bx/n on input line 26.
LaTeX Font Info:    Overwriting symbol font `letters' in version `bold'
(Font)                  OML/cmm/b/it --> OML/lmm/b/it on input line 27.
LaTeX Font Info:    Overwriting symbol font `symbols' in version `bold'
(Font)                  OMS/cmsy/b/n --> OMS/lmsy/b/n on input line 28.
LaTeX Font Info:    Overwriting symbol font `largesymbols' in version `bold'
(Font)                  OMX/cmex/m/n --> OMX/lmex/m/n on input line 29.
LaTeX Font Info:    Overwriting math alphabet `\mathbf' in version `normal'
(Font)                  OT1/cmr/bx/n --> OT1/lmr/bx/n on input line 31.
LaTeX Font Info:    Overwriting math alphabet `\mathsf' in version `normal'
(Font)                  OT1/cmss/m/n --> OT1/lmss/m/n on input line 32.
LaTeX Font Info:    Overwriting math alphabet `\mathit' in version `normal'
(Font)                  OT1/cmr/m/it --> OT1/lmr/m/it on input line 33.
LaTeX Font Info:    Overwriting math alphabet `\mathtt' in version `normal'
(Font)                  OT1/cmtt/m/n --> OT1/lmtt/m/n on input line 34.
LaTeX Font Info:    Overwriting math alphabet `\mathbf' in version `bold'
(Font)                  OT1/cmr/bx/n --> OT1/lmr/bx/n on input line 35.
LaTeX Font Info:    Overwriting math alphabet `\mathsf' in version `bold'
(Font)                  OT1/cmss/bx/n --> OT1/lmss/bx/n on input line 36.
LaTeX Font Info:    Overwriting math alphabet `\mathit' in version `bold'
(Font)                  OT1/cmr/bx/it --> OT1/lmr/bx/it on input line 37.
LaTeX Font Info:    Overwriting math alphabet `\mathtt' in version `bold'
(Font)                  OT1/cmtt/m/n --> OT1/lmtt/m/n on input line 38.
)
(c:/Users/BioPol VS/AppData/Roaming/TinyTeX/texmf-dist/tex/latex/amsfonts/amssy
mb.sty
Package: amssymb 2013/01/14 v3.01 AMS font symbols

(c:/Users/BioPol VS/AppData/Roaming/TinyTeX/texmf-dist/tex/latex/amsfonts/amsfo
nts.sty
Package: amsfonts 2013/01/14 v3.01 Basic AMSFonts support
\@emptytoks=\toks14
\symAMSa=\mathgroup4
\symAMSb=\mathgroup5
LaTeX Font Info:    Overwriting math alphabet `\mathfrak' in version `bold'
(Font)                  U/euf/m/n --> U/euf/b/n on input line 106.
))
(c:/Users/BioPol VS/AppData/Roaming/TinyTeX/texmf-dist/tex/latex/amsmath/amsmat
h.sty
Package: amsmath 2018/12/01 v2.17b AMS math features
\@mathmargin=\skip43
For additional information on amsmath, use the `?' option.

(c:/Users/BioPol VS/AppData/Roaming/TinyTeX/texmf-dist/tex/latex/amsmath/amstex
t.sty
Package: amstext 2000/06/29 v2.01 AMS text

(c:/Users/BioPol VS/AppData/Roaming/TinyTeX/texmf-dist/tex/latex/amsmath/amsgen
.sty
File: amsgen.sty 1999/11/30 v2.0 generic functions
\@emptytoks=\toks15
\ex@=\dimen103
))
(c:/Users/BioPol VS/AppData/Roaming/TinyTeX/texmf-dist/tex/latex/amsmath/amsbsy
.sty
Package: amsbsy 1999/11/29 v1.2d Bold Symbols
\pmbraise@=\dimen104
)
(c:/Users/BioPol VS/AppData/Roaming/TinyTeX/texmf-dist/tex/latex/amsmath/amsopn
.sty
Package: amsopn 2016/03/08 v2.02 operator names
)
\inf@bad=\count89
LaTeX Info: Redefining \frac on input line 223.
\uproot@=\count90
\leftroot@=\count91
LaTeX Info: Redefining \overline on input line 385.
\classnum@=\count92
\DOTSCASE@=\count93
LaTeX Info: Redefining \ldots on input line 482.
LaTeX Info: Redefining \dots on input line 485.
LaTeX Info: Redefining \cdots on input line 606.
\Mathstrutbox@=\box27
\strutbox@=\box28
\big@size=\dimen105
LaTeX Font Info:    Redeclaring font encoding OML on input line 729.
LaTeX Font Info:    Redeclaring font encoding OMS on input line 730.
\macc@depth=\count94
\c@MaxMatrixCols=\count95
\dotsspace@=\muskip10
\c@parentequation=\count96
\dspbrk@lvl=\count97
\tag@help=\toks16
\row@=\count98
\column@=\count99
\maxfields@=\count100
\andhelp@=\toks17
\eqnshift@=\dimen106
\alignsep@=\dimen107
\tagshift@=\dimen108
\tagwidth@=\dimen109
\totwidth@=\dimen110
\lineht@=\dimen111
\@envbody=\toks18
\multlinegap=\skip44
\multlinetaggap=\skip45
\mathdisplay@stack=\toks19
LaTeX Info: Redefining \[ on input line 2844.
LaTeX Info: Redefining \] on input line 2845.
)
(c:/Users/BioPol VS/AppData/Roaming/TinyTeX/texmf-dist/tex/generic/ifxetex/ifxe
tex.sty
Package: ifxetex 2010/09/12 v0.6 Provides ifxetex conditional
)
(c:/Users/BioPol VS/AppData/Roaming/TinyTeX/texmf-dist/tex/generic/oberdiek/ifl
uatex.sty
Package: ifluatex 2016/05/16 v1.4 Provides the ifluatex switch (HO)
Package ifluatex Info: LuaTeX not detected.
)
(c:/Users/BioPol VS/AppData/Roaming/TinyTeX/texmf-dist/tex/latex/base/fixltx2e.
sty
Package: fixltx2e 2016/12/29 v2.1a fixes to LaTeX (obsolete)
Applying: [2015/01/01] Old fixltx2e package on input line 46.

Package fixltx2e Warning: fixltx2e is not required with releases after 2015
(fixltx2e)                All fixes are now in the LaTeX kernel.
(fixltx2e)                See the latexrelease package for details.

Already applied: [0000/00/00] Old fixltx2e package on input line 53.
)
(c:/Users/BioPol VS/AppData/Roaming/TinyTeX/texmf-dist/tex/xelatex/mathspec/mat
hspec.sty
Package: mathspec 2016/12/22 v0.2b LaTeX Package (Mathematics font selection fo
r XeLaTeX)

(c:/Users/BioPol VS/AppData/Roaming/TinyTeX/texmf-dist/tex/latex/etoolbox/etool
box.sty
Package: etoolbox 2018/08/19 v2.5f e-TeX tools for LaTeX (JAW)
\etb@tempcnta=\count101
)
(c:/Users/BioPol VS/AppData/Roaming/TinyTeX/texmf-dist/tex/latex/fontspec/fonts
pec.sty
(c:/Users/BioPol VS/AppData/Roaming/TinyTeX/texmf-dist/tex/latex/l3packages/xpa
rse/xparse.sty
(c:/Users/BioPol VS/AppData/Roaming/TinyTeX/texmf-dist/tex/latex/l3kernel/expl3
.sty
Package: expl3 2019-02-15 L3 programming layer (loader) 

(c:/Users/BioPol VS/AppData/Roaming/TinyTeX/texmf-dist/tex/latex/l3kernel/expl3
-code.tex
Package: expl3 2019-02-15 L3 programming layer (code)
\c_max_int=\count102
\l_tmpa_int=\count103
\l_tmpb_int=\count104
\g_tmpa_int=\count105
\g_tmpb_int=\count106
\g__kernel_prg_map_int=\count107
\c_log_iow=\count108
\l_iow_line_count_int=\count109
\l__iow_line_target_int=\count110
\l__iow_one_indent_int=\count111
\l__iow_indent_int=\count112
\c_zero_dim=\dimen112
\c_max_dim=\dimen113
\l_tmpa_dim=\dimen114
\l_tmpb_dim=\dimen115
\g_tmpa_dim=\dimen116
\g_tmpb_dim=\dimen117
\c_zero_skip=\skip46
\c_max_skip=\skip47
\l_tmpa_skip=\skip48
\l_tmpb_skip=\skip49
\g_tmpa_skip=\skip50
\g_tmpb_skip=\skip51
\c_zero_muskip=\muskip11
\c_max_muskip=\muskip12
\l_tmpa_muskip=\muskip13
\l_tmpb_muskip=\muskip14
\g_tmpa_muskip=\muskip15
\g_tmpb_muskip=\muskip16
\l_keys_choice_int=\count113
\l__intarray_loop_int=\count114
\c__intarray_sp_dim=\dimen118
\g__intarray_font_int=\count115
\c__fp_leading_shift_int=\count116
\c__fp_middle_shift_int=\count117
\c__fp_trailing_shift_int=\count118
\c__fp_big_leading_shift_int=\count119
\c__fp_big_middle_shift_int=\count120
\c__fp_big_trailing_shift_int=\count121
\c__fp_Bigg_leading_shift_int=\count122
\c__fp_Bigg_middle_shift_int=\count123
\c__fp_Bigg_trailing_shift_int=\count124
\g__fp_array_int=\count125
\l__fp_array_loop_int=\count126
\l__sort_length_int=\count127
\l__sort_min_int=\count128
\l__sort_top_int=\count129
\l__sort_max_int=\count130
\l__sort_true_max_int=\count131
\l__sort_block_int=\count132
\l__sort_begin_int=\count133
\l__sort_end_int=\count134
\l__sort_A_int=\count135
\l__sort_B_int=\count136
\l__sort_C_int=\count137
\l__tl_analysis_normal_int=\count138
\l__tl_analysis_index_int=\count139
\l__tl_analysis_nesting_int=\count140
\l__tl_analysis_type_int=\count141
\l__regex_internal_a_int=\count142
\l__regex_internal_b_int=\count143
\l__regex_internal_c_int=\count144
\l__regex_balance_int=\count145
\l__regex_group_level_int=\count146
\l__regex_mode_int=\count147
\c__regex_cs_in_class_mode_int=\count148
\c__regex_cs_mode_int=\count149
\l__regex_catcodes_int=\count150
\l__regex_default_catcodes_int=\count151
\c__regex_catcode_L_int=\count152
\c__regex_catcode_O_int=\count153
\c__regex_catcode_A_int=\count154
\c__regex_all_catcodes_int=\count155
\l__regex_show_lines_int=\count156
\l__regex_min_state_int=\count157
\l__regex_max_state_int=\count158
\l__regex_left_state_int=\count159
\l__regex_right_state_int=\count160
\l__regex_capturing_group_int=\count161
\l__regex_min_pos_int=\count162
\l__regex_max_pos_int=\count163
\l__regex_curr_pos_int=\count164
\l__regex_start_pos_int=\count165
\l__regex_success_pos_int=\count166
\l__regex_curr_char_int=\count167
\l__regex_curr_catcode_int=\count168
\l__regex_last_char_int=\count169
\l__regex_case_changed_char_int=\count170
\l__regex_curr_state_int=\count171
\l__regex_step_int=\count172
\l__regex_min_active_int=\count173
\l__regex_max_active_int=\count174
\l__regex_replacement_csnames_int=\count175
\l__regex_match_count_int=\count176
\l__regex_min_submatch_int=\count177
\l__regex_submatch_int=\count178
\l__regex_zeroth_submatch_int=\count179
\g__regex_trace_regex_int=\count180
\c_empty_box=\box29
\l_tmpa_box=\box30
\l_tmpb_box=\box31
\g_tmpa_box=\box32
\g_tmpb_box=\box33
\l__box_top_dim=\dimen119
\l__box_bottom_dim=\dimen120
\l__box_left_dim=\dimen121
\l__box_right_dim=\dimen122
\l__box_top_new_dim=\dimen123
\l__box_bottom_new_dim=\dimen124
\l__box_left_new_dim=\dimen125
\l__box_right_new_dim=\dimen126
\l__box_internal_box=\box34
\l__coffin_internal_box=\box35
\l__coffin_internal_dim=\dimen127
\l__coffin_offset_x_dim=\dimen128
\l__coffin_offset_y_dim=\dimen129
\l__coffin_x_dim=\dimen130
\l__coffin_y_dim=\dimen131
\l__coffin_x_prime_dim=\dimen132
\l__coffin_y_prime_dim=\dimen133
\c_empty_coffin=\box36
\l__coffin_aligned_coffin=\box37
\l__coffin_aligned_internal_coffin=\box38
\l_tmpa_coffin=\box39
\l_tmpb_coffin=\box40
\g_tmpa_coffin=\box41
\g_tmpb_coffin=\box42
\c__coffin_empty_coffin=\box43
\l__coffin_display_coffin=\box44
\l__coffin_display_coord_coffin=\box45
\l__coffin_display_pole_coffin=\box46
\l__coffin_display_offset_dim=\dimen134
\l__coffin_display_x_dim=\dimen135
\l__coffin_display_y_dim=\dimen136
\g__file_internal_ior=\read1
\l__coffin_bounding_shift_dim=\dimen137
\l__coffin_left_corner_dim=\dimen138
\l__coffin_right_corner_dim=\dimen139
\l__coffin_bottom_corner_dim=\dimen140
\l__coffin_top_corner_dim=\dimen141
\l__coffin_scaled_total_height_dim=\dimen142
\l__coffin_scaled_width_dim=\dimen143
)
(c:/Users/BioPol VS/AppData/Roaming/TinyTeX/texmf-dist/tex/latex/l3kernel/l3xdv
ipdfmx.def
File: l3xdvipdfmx.def 2019-02-15 v L3 Experimental driver: xdvipdfmx
\g__driver_image_int=\count181
\g__driver_pdf_object_int=\count182
))
Package: xparse 2018-10-17 L3 Experimental document command parser
\l__xparse_current_arg_int=\count183
\g__xparse_grabber_int=\count184
\l__xparse_m_args_int=\count185
\l__xparse_mandatory_args_int=\count186
\l__xparse_v_nesting_int=\count187
)
Package: fontspec 2019/02/12 v2.7b Font selection for XeLaTeX and LuaLaTeX

(c:/Users/BioPol VS/AppData/Roaming/TinyTeX/texmf-dist/tex/latex/fontspec/fonts
pec-xetex.sty
Package: fontspec-xetex 2019/02/12 v2.7b Font selection for XeLaTeX and LuaLaTe
X
\l__fontspec_script_int=\count188
\l__fontspec_language_int=\count189
\l__fontspec_strnum_int=\count190
\l__fontspec_tmp_int=\count191
\l__fontspec_tmpa_int=\count192
\l__fontspec_tmpb_int=\count193
\l__fontspec_tmpc_int=\count194
\l__fontspec_em_int=\count195
\l__fontspec_emdef_int=\count196
\l__fontspec_strong_int=\count197
\l__fontspec_strongdef_int=\count198
\l__fontspec_tmpa_dim=\dimen144
\l__fontspec_tmpb_dim=\dimen145
\l__fontspec_tmpc_dim=\dimen146

(c:/Users/BioPol VS/AppData/Roaming/TinyTeX/texmf-dist/tex/latex/base/fontenc.s
ty
Package: fontenc 2018/08/11 v2.0j Standard LaTeX package

(c:/Users/BioPol VS/AppData/Roaming/TinyTeX/texmf-dist/tex/latex/base/tuenc.def
File: tuenc.def 2018/08/11 v2.0j Standard LaTeX file
LaTeX Font Info:    Redeclaring font encoding TU on input line 82.
))
(c:/Users/BioPol VS/AppData/Roaming/TinyTeX/texmf-dist/tex/latex/fontspec/fonts
pec.cfg)
LaTeX Info: Redefining \itshape on input line 4044.
LaTeX Info: Redefining \slshape on input line 4049.
LaTeX Info: Redefining \scshape on input line 4054.
LaTeX Info: Redefining \upshape on input line 4059.
LaTeX Info: Redefining \em on input line 4089.
LaTeX Info: Redefining \emph on input line 4114.
))
(c:/Users/BioPol VS/AppData/Roaming/TinyTeX/texmf-dist/tex/latex/xkeyval/xkeyva
l.sty
Package: xkeyval 2014/12/03 v2.7a package option processing (HA)

(c:/Users/BioPol VS/AppData/Roaming/TinyTeX/texmf-dist/tex/generic/xkeyval/xkey
val.tex
(c:/Users/BioPol VS/AppData/Roaming/TinyTeX/texmf-dist/tex/generic/xkeyval/xkvu
tils.tex
\XKV@toks=\toks20
\XKV@tempa@toks=\toks21

(c:/Users/BioPol VS/AppData/Roaming/TinyTeX/texmf-dist/tex/generic/xkeyval/keyv
al.tex))
\XKV@depth=\count199
File: xkeyval.tex 2014/12/03 v2.7a key=value parser (HA)
))
\c@eu@=\count266
\c@eu@i=\count267
\c@mkern=\count268
)
(c:/Users/BioPol VS/AppData/Roaming/TinyTeX/texmf-dist/tex/latex/upquote/upquot
e.sty
Package: upquote 2012/04/19 v1.3 upright-quote and grave-accent glyphs in verba
tim

(c:/Users/BioPol VS/AppData/Roaming/TinyTeX/texmf-dist/tex/latex/base/textcomp.
sty
Package: textcomp 2018/08/11 v2.0j Standard LaTeX package
Package textcomp Info: Sub-encoding information:
(textcomp)               5 = only ISO-Adobe without \textcurrency
(textcomp)               4 = 5 + \texteuro
(textcomp)               3 = 4 + \textohm
(textcomp)               2 = 3 + \textestimated + \textcurrency
(textcomp)               1 = TS1 - \textcircled - \t
(textcomp)               0 = TS1 (full)
(textcomp)             Font families with sub-encoding setting implement
(textcomp)             only a restricted character set as indicated.
(textcomp)             Family '?' is the default used for unknown fonts.
(textcomp)             See the documentation for details.
Package textcomp Info: Setting ? sub-encoding to TS1/1 on input line 79.

(c:/Users/BioPol VS/AppData/Roaming/TinyTeX/texmf-dist/tex/latex/base/ts1enc.de
f
File: ts1enc.def 2001/06/05 v3.0e (jk/car/fm) Standard LaTeX file
)
LaTeX Info: Redefining \oldstylenums on input line 334.
Package textcomp Info: Setting cmr sub-encoding to TS1/0 on input line 349.
Package textcomp Info: Setting cmss sub-encoding to TS1/0 on input line 350.
Package textcomp Info: Setting cmtt sub-encoding to TS1/0 on input line 351.
Package textcomp Info: Setting cmvtt sub-encoding to TS1/0 on input line 352.
Package textcomp Info: Setting cmbr sub-encoding to TS1/0 on input line 353.
Package textcomp Info: Setting cmtl sub-encoding to TS1/0 on input line 354.
Package textcomp Info: Setting ccr sub-encoding to TS1/0 on input line 355.
Package textcomp Info: Setting ptm sub-encoding to TS1/4 on input line 356.
Package textcomp Info: Setting pcr sub-encoding to TS1/4 on input line 357.
Package textcomp Info: Setting phv sub-encoding to TS1/4 on input line 358.
Package textcomp Info: Setting ppl sub-encoding to TS1/3 on input line 359.
Package textcomp Info: Setting pag sub-encoding to TS1/4 on input line 360.
Package textcomp Info: Setting pbk sub-encoding to TS1/4 on input line 361.
Package textcomp Info: Setting pnc sub-encoding to TS1/4 on input line 362.
Package textcomp Info: Setting pzc sub-encoding to TS1/4 on input line 363.
Package textcomp Info: Setting bch sub-encoding to TS1/4 on input line 364.
Package textcomp Info: Setting put sub-encoding to TS1/5 on input line 365.
Package textcomp Info: Setting uag sub-encoding to TS1/5 on input line 366.
Package textcomp Info: Setting ugq sub-encoding to TS1/5 on input line 367.
Package textcomp Info: Setting ul8 sub-encoding to TS1/4 on input line 368.
Package textcomp Info: Setting ul9 sub-encoding to TS1/4 on input line 369.
Package textcomp Info: Setting augie sub-encoding to TS1/5 on input line 370.
Package textcomp Info: Setting dayrom sub-encoding to TS1/3 on input line 371.
Package textcomp Info: Setting dayroms sub-encoding to TS1/3 on input line 372.

Package textcomp Info: Setting pxr sub-encoding to TS1/0 on input line 373.
Package textcomp Info: Setting pxss sub-encoding to TS1/0 on input line 374.
Package textcomp Info: Setting pxtt sub-encoding to TS1/0 on input line 375.
Package textcomp Info: Setting txr sub-encoding to TS1/0 on input line 376.
Package textcomp Info: Setting txss sub-encoding to TS1/0 on input line 377.
Package textcomp Info: Setting txtt sub-encoding to TS1/0 on input line 378.
Package textcomp Info: Setting lmr sub-encoding to TS1/0 on input line 379.
Package textcomp Info: Setting lmdh sub-encoding to TS1/0 on input line 380.
Package textcomp Info: Setting lmss sub-encoding to TS1/0 on input line 381.
Package textcomp Info: Setting lmssq sub-encoding to TS1/0 on input line 382.
Package textcomp Info: Setting lmvtt sub-encoding to TS1/0 on input line 383.
Package textcomp Info: Setting lmtt sub-encoding to TS1/0 on input line 384.
Package textcomp Info: Setting qhv sub-encoding to TS1/0 on input line 385.
Package textcomp Info: Setting qag sub-encoding to TS1/0 on input line 386.
Package textcomp Info: Setting qbk sub-encoding to TS1/0 on input line 387.
Package textcomp Info: Setting qcr sub-encoding to TS1/0 on input line 388.
Package textcomp Info: Setting qcs sub-encoding to TS1/0 on input line 389.
Package textcomp Info: Setting qpl sub-encoding to TS1/0 on input line 390.
Package textcomp Info: Setting qtm sub-encoding to TS1/0 on input line 391.
Package textcomp Info: Setting qzc sub-encoding to TS1/0 on input line 392.
Package textcomp Info: Setting qhvc sub-encoding to TS1/0 on input line 393.
Package textcomp Info: Setting futs sub-encoding to TS1/4 on input line 394.
Package textcomp Info: Setting futx sub-encoding to TS1/4 on input line 395.
Package textcomp Info: Setting futj sub-encoding to TS1/4 on input line 396.
Package textcomp Info: Setting hlh sub-encoding to TS1/3 on input line 397.
Package textcomp Info: Setting hls sub-encoding to TS1/3 on input line 398.
Package textcomp Info: Setting hlst sub-encoding to TS1/3 on input line 399.
Package textcomp Info: Setting hlct sub-encoding to TS1/5 on input line 400.
Package textcomp Info: Setting hlx sub-encoding to TS1/5 on input line 401.
Package textcomp Info: Setting hlce sub-encoding to TS1/5 on input line 402.
Package textcomp Info: Setting hlcn sub-encoding to TS1/5 on input line 403.
Package textcomp Info: Setting hlcw sub-encoding to TS1/5 on input line 404.
Package textcomp Info: Setting hlcf sub-encoding to TS1/5 on input line 405.
Package textcomp Info: Setting pplx sub-encoding to TS1/3 on input line 406.
Package textcomp Info: Setting pplj sub-encoding to TS1/3 on input line 407.
Package textcomp Info: Setting ptmx sub-encoding to TS1/4 on input line 408.
Package textcomp Info: Setting ptmj sub-encoding to TS1/4 on input line 409.
))
(c:/Users/BioPol VS/AppData/Roaming/TinyTeX/texmf-dist/tex/latex/hyperref/hyper
ref.sty
Package: hyperref 2018/11/30 v6.88e Hypertext links for LaTeX

(c:/Users/BioPol VS/AppData/Roaming/TinyTeX/texmf-dist/tex/generic/oberdiek/hob
sub-hyperref.sty
Package: hobsub-hyperref 2016/05/16 v1.14 Bundle oberdiek, subset hyperref (HO)


(c:/Users/BioPol VS/AppData/Roaming/TinyTeX/texmf-dist/tex/generic/oberdiek/hob
sub-generic.sty
Package: hobsub-generic 2016/05/16 v1.14 Bundle oberdiek, subset generic (HO)
Package: hobsub 2016/05/16 v1.14 Construct package bundles (HO)
Package: infwarerr 2016/05/16 v1.4 Providing info/warning/error messages (HO)
Package: ltxcmds 2016/05/16 v1.23 LaTeX kernel commands for general use (HO)
Package hobsub Info: Skipping package `ifluatex' (already loaded).
Package: ifvtex 2016/05/16 v1.6 Detect VTeX and its facilities (HO)
Package ifvtex Info: VTeX not detected.
Package: intcalc 2016/05/16 v1.2 Expandable calculations with integers (HO)
Package: ifpdf 2018/09/07 v3.3 Provides the ifpdf switch
Package: etexcmds 2016/05/16 v1.6 Avoid name clashes with e-TeX commands (HO)
Package etexcmds Info: Could not find \expanded.
(etexcmds)             That can mean that you are not using pdfTeX 1.50 or
(etexcmds)             that some package has redefined \expanded.
(etexcmds)             In the latter case, load this package earlier.
Package: kvsetkeys 2016/05/16 v1.17 Key value parser (HO)
Package: kvdefinekeys 2016/05/16 v1.4 Define keys (HO)
Package: pdftexcmds 2018/09/10 v0.29 Utility functions of pdfTeX for LuaTeX (HO
)
Package pdftexcmds Info: LuaTeX not detected.
Package pdftexcmds Info: pdfTeX >= 1.30 not detected.
Package pdftexcmds Info: \pdf@primitive is available.
Package pdftexcmds Info: \pdf@ifprimitive is available.
Package pdftexcmds Info: \pdfdraftmode not found.
Package: pdfescape 2016/05/16 v1.14 Implements pdfTeX's escape features (HO)
Package: bigintcalc 2016/05/16 v1.4 Expandable calculations on big integers (HO
)
Package: bitset 2016/05/16 v1.2 Handle bit-vector datatype (HO)
Package: uniquecounter 2016/05/16 v1.3 Provide unlimited unique counter (HO)
)
Package hobsub Info: Skipping package `hobsub' (already loaded).
Package: letltxmacro 2016/05/16 v1.5 Let assignment for LaTeX macros (HO)
Package: hopatch 2016/05/16 v1.3 Wrapper for package hooks (HO)
Package: xcolor-patch 2016/05/16 xcolor patch
Package: atveryend 2016/05/16 v1.9 Hooks at the very end of document (HO)
Package: atbegshi 2016/06/09 v1.18 At begin shipout hook (HO)
Package: refcount 2016/05/16 v3.5 Data extraction from label references (HO)
Package: hycolor 2016/05/16 v1.8 Color options for hyperref/bookmark (HO)
)
(c:/Users/BioPol VS/AppData/Roaming/TinyTeX/texmf-dist/tex/latex/oberdiek/auxho
ok.sty
Package: auxhook 2016/05/16 v1.4 Hooks for auxiliary files (HO)
)
(c:/Users/BioPol VS/AppData/Roaming/TinyTeX/texmf-dist/tex/latex/oberdiek/kvopt
ions.sty
Package: kvoptions 2016/05/16 v3.12 Key value format for package options (HO)
)
\@linkdim=\dimen147
\Hy@linkcounter=\count269
\Hy@pagecounter=\count270

(c:/Users/BioPol VS/AppData/Roaming/TinyTeX/texmf-dist/tex/latex/hyperref/pd1en
c.def
File: pd1enc.def 2018/11/30 v6.88e Hyperref: PDFDocEncoding definition (HO)
)
\Hy@SavedSpaceFactor=\count271

(c:/Users/BioPol VS/AppData/Roaming/TinyTeX/texmf-dist/tex/latex/latexconfig/hy
perref.cfg
File: hyperref.cfg 2002/06/06 v1.2 hyperref configuration of TeXLive
)
Package hyperref Info: Hyper figures OFF on input line 4519.
Package hyperref Info: Link nesting OFF on input line 4524.
Package hyperref Info: Hyper index ON on input line 4527.
Package hyperref Info: Plain pages OFF on input line 4534.
Package hyperref Info: Backreferencing OFF on input line 4539.
Package hyperref Info: Implicit mode ON; LaTeX internals redefined.
Package hyperref Info: Bookmarks ON on input line 4772.
\c@Hy@tempcnt=\count272
(c:/Users/BioPol VS/AppData/Roaming/TinyTeX/texmf-dist/tex/latex/url/url.sty
\Urlmuskip=\muskip17
Package: url 2013/09/16  ver 3.4  Verb mode for urls, etc.
)
LaTeX Info: Redefining \url on input line 5125.
\XeTeXLinkMargin=\dimen148
\Fld@menulength=\count273
\Field@Width=\dimen149
\Fld@charsize=\dimen150
Package hyperref Info: Hyper figures OFF on input line 6380.
Package hyperref Info: Link nesting OFF on input line 6385.
Package hyperref Info: Hyper index ON on input line 6388.
Package hyperref Info: backreferencing OFF on input line 6395.
Package hyperref Info: Link coloring OFF on input line 6400.
Package hyperref Info: Link coloring with OCG OFF on input line 6405.
Package hyperref Info: PDF/A mode OFF on input line 6410.
LaTeX Info: Redefining \ref on input line 6450.
LaTeX Info: Redefining \pageref on input line 6454.
\Hy@abspage=\count274
\c@Item=\count275
\c@Hfootnote=\count276
)
Package hyperref Info: Driver (autodetected): hxetex.

(c:/Users/BioPol VS/AppData/Roaming/TinyTeX/texmf-dist/tex/latex/hyperref/hxete
x.def
File: hxetex.def 2018/11/30 v6.88e Hyperref driver for XeTeX

(c:/Users/BioPol VS/AppData/Roaming/TinyTeX/texmf-dist/tex/latex/hyperref/puenc
.def
File: puenc.def 2018/11/30 v6.88e Hyperref: PDF Unicode definition (HO)
)
(c:/Users/BioPol VS/AppData/Roaming/TinyTeX/texmf-dist/tex/generic/oberdiek/str
ingenc.sty
Package: stringenc 2016/05/16 v1.11 Convert strings between diff. encodings (HO
)
)
\pdfm@box=\box47
\c@Hy@AnnotLevel=\count277
\HyField@AnnotCount=\count278
\Fld@listcount=\count279
\c@bookmark@seq@number=\count280

(c:/Users/BioPol VS/AppData/Roaming/TinyTeX/texmf-dist/tex/latex/oberdiek/rerun
filecheck.sty
Package: rerunfilecheck 2016/05/16 v1.8 Rerun checks for auxiliary files (HO)
Package uniquecounter Info: New unique counter `rerunfilecheck' on input line 2
82.
)
\Hy@SectionHShift=\skip52
)
Package hyperref Info: Option `unicode' set `true' on input line 28.

(c:/Users/BioPol VS/AppData/Roaming/TinyTeX/texmf-dist/tex/generic/oberdiek/se-
ascii-print.def
File: se-ascii-print.def 2016/05/16 v1.11 stringenc: Printable ASCII characters

)
Package hyperref Info: Option `breaklinks' set `true' on input line 28.

(c:/Users/BioPol VS/AppData/Roaming/TinyTeX/texmf-dist/tex/latex/polyglossia/po
lyglossia.sty
Package: polyglossia 2018/04/07 v1.43 Alternative to Babel for XeLaTeX and LuaL
aTeX

(c:/Users/BioPol VS/AppData/Roaming/TinyTeX/texmf-dist/tex/latex/makecmds/makec
mds.sty
Package: makecmds 2009/09/03 v1.0a extra command making commands
)
\xpg@normalclass=\XeTeXcharclass1
)
(c:/Users/BioPol VS/AppData/Roaming/TinyTeX/texmf-dist/tex/latex/polyglossia/gl
oss-icelandic.ldf
File: gloss-icelandic.ldf polyglossia: module for icelandic

Package polyglossia Warning: No hyphenation patterns were loaded for `Icelandic
'
(polyglossia)                I will use \language=\l@nohyphenation instead on i
nput line 6.

\l@icelandic = a dialect from \language\l@nohyphenation 

Package polyglossia Warning: \setlocalhyphenmin useless for unhyphenated langua
ge icelandic on input line 6.

)
Package polyglossia Info: Default language is icelandic.

(c:/Users/BioPol VS/AppData/Roaming/TinyTeX/texmf-dist/tex/latex/tools/longtabl
e.sty
Package: longtable 2014/10/28 v4.11 Multi-page Table package (DPC)+ FMi change
\LTleft=\skip53
\LTright=\skip54
\LTpre=\skip55
\LTpost=\skip56
\LTchunksize=\count281
\LTcapwidth=\dimen151
\LT@head=\box48
\LT@firsthead=\box49
\LT@foot=\box50
\LT@lastfoot=\box51
\LT@cols=\count282
\LT@rows=\count283
\c@LT@tables=\count284
\c@LT@chunks=\count285
\LT@p@ftn=\toks22
)
(c:/Users/BioPol VS/AppData/Roaming/TinyTeX/texmf-dist/tex/latex/booktabs/bookt
abs.sty
Package: booktabs 2016/04/27 v1.618033 publication quality tables
\heavyrulewidth=\dimen152
\lightrulewidth=\dimen153
\cmidrulewidth=\dimen154
\belowrulesep=\dimen155
\belowbottomsep=\dimen156
\aboverulesep=\dimen157
\abovetopsep=\dimen158
\cmidrulesep=\dimen159
\cmidrulekern=\dimen160
\defaultaddspace=\dimen161
\@cmidla=\count286
\@cmidlb=\count287
\@aboverulesep=\dimen162
\@belowrulesep=\dimen163
\@thisruleclass=\count288
\@lastruleclass=\count289
\@thisrulewidth=\dimen164
)
(c:/Users/BioPol VS/AppData/Roaming/TinyTeX/texmf-dist/tex/latex/graphics/graph
icx.sty
Package: graphicx 2017/06/01 v1.1a Enhanced LaTeX Graphics (DPC,SPQR)

(c:/Users/BioPol VS/AppData/Roaming/TinyTeX/texmf-dist/tex/latex/graphics/graph
ics.sty
Package: graphics 2017/06/25 v1.2c Standard LaTeX Graphics (DPC,SPQR)

(c:/Users/BioPol VS/AppData/Roaming/TinyTeX/texmf-dist/tex/latex/graphics/trig.
sty
Package: trig 2016/01/03 v1.10 sin cos tan (DPC)
)
(c:/Users/BioPol VS/AppData/Roaming/TinyTeX/texmf-dist/tex/latex/graphics-cfg/g
raphics.cfg
File: graphics.cfg 2016/06/04 v1.11 sample graphics configuration
)
Package graphics Info: Driver file: xetex.def on input line 99.

(c:/Users/BioPol VS/AppData/Roaming/TinyTeX/texmf-dist/tex/latex/graphics-def/x
etex.def
File: xetex.def 2017/06/24 v5.0h Graphics/color driver for xetex
))
\Gin@req@height=\dimen165
\Gin@req@width=\dimen166
)
(c:/Users/BioPol VS/AppData/Roaming/TinyTeX/texmf-dist/tex/latex/oberdiek/grffi
le.sty
Package: grffile 2017/06/30 v1.18 Extended file name support for graphics (HO)
Package grffile Info: Option `multidot' is set to `true'.
Package grffile Info: Option `extendedchars' is set to `false'.
Package grffile Info: Option `space' is set to `true'.
Package grffile Info: \Gin@ii of package `graphicx' fixed on input line 494.
)
(c:/Users/BioPol VS/AppData/Roaming/TinyTeX/texmf-dist/tex/latex/titling/titlin
g.sty
Package: titling 2009/09/04 v2.1d maketitle typesetting
\thanksmarkwidth=\skip57
\thanksmargin=\skip58
\droptitle=\skip59
)
(c:/Users/BioPol VS/AppData/Roaming/TinyTeX/texmf-dist/tex/latex/base/inputenc.
sty
Package: inputenc 2018/08/11 v1.3c Input encoding file
\inpenc@prehook=\toks23
\inpenc@posthook=\toks24

Package inputenc Warning: inputenc package ignored with utf8 based engines.

) (c:/Users/BioPol VS/AppData/Roaming/TinyTeX/texmf-dist/tex/latex/ucs/ucs.sty
Package: ucs 2013/05/11 v2.2 UCS: Unicode input support

(c:/Users/BioPol VS/AppData/Roaming/TinyTeX/texmf-dist/tex/latex/ucs/data/uni-g
lobal.def
File: uni-global.def 2013/05/13 UCS: Unicode global data
)
\uc@secondtry=\count290
\uc@combtoks=\toks25
\uc@combtoksb=\toks26
\uc@temptokena=\toks27
)
(c:/Users/BioPol VS/AppData/Roaming/TinyTeX/texmf-dist/tex/latex/base/t1enc.sty
Package: t1enc 1994/06/01 Standard LaTeX package
LaTeX Font Info:    Try loading font information for T1+lmr on input line 47.
(c:/Users/BioPol VS/AppData/Roaming/TinyTeX/texmf-dist/tex/latex/lm/t1lmr.fd
File: t1lmr.fd 2009/10/30 v1.6 Font defs for Latin Modern
))

LaTeX Warning: Unused global option(s):
    [icelandic].

(./OrplastHaf.aux)
\openout1 = `OrplastHaf.aux'.

LaTeX Font Info:    Checking defaults for OML/cmm/m/it on input line 99.
LaTeX Font Info:    ... okay on input line 99.
LaTeX Font Info:    Checking defaults for T1/cmr/m/n on input line 99.
LaTeX Font Info:    ... okay on input line 99.
LaTeX Font Info:    Checking defaults for OT1/cmr/m/n on input line 99.
LaTeX Font Info:    ... okay on input line 99.
LaTeX Font Info:    Checking defaults for OMS/cmsy/m/n on input line 99.
LaTeX Font Info:    ... okay on input line 99.
LaTeX Font Info:    Checking defaults for TU/lmr/m/n on input line 99.
LaTeX Font Info:    ... okay on input line 99.
LaTeX Font Info:    Checking defaults for OMX/cmex/m/n on input line 99.
LaTeX Font Info:    ... okay on input line 99.
LaTeX Font Info:    Checking defaults for U/cmr/m/n on input line 99.
LaTeX Font Info:    ... okay on input line 99.
LaTeX Font Info:    Checking defaults for TS1/cmr/m/n on input line 99.
LaTeX Font Info:    Try loading font information for TS1+cmr on input line 99.

(c:/Users/BioPol VS/AppData/Roaming/TinyTeX/texmf-dist/tex/latex/base/ts1cmr.fd
File: ts1cmr.fd 2014/09/29 v2.5h Standard LaTeX font definitions
)
LaTeX Font Info:    ... okay on input line 99.
LaTeX Font Info:    Checking defaults for PD1/pdf/m/n on input line 99.
LaTeX Font Info:    ... okay on input line 99.
LaTeX Font Info:    Checking defaults for PU/pdf/m/n on input line 99.
LaTeX Font Info:    ... okay on input line 99.
\AtBeginShipoutBox=\box52
Package hyperref Info: Link coloring OFF on input line 99.

(c:/Users/BioPol VS/AppData/Roaming/TinyTeX/texmf-dist/tex/latex/hyperref/namer
ef.sty
Package: nameref 2016/05/21 v2.44 Cross-referencing by name of section

(c:/Users/BioPol VS/AppData/Roaming/TinyTeX/texmf-dist/tex/generic/oberdiek/get
titlestring.sty
Package: gettitlestring 2016/05/16 v1.5 Cleanup title references (HO)
)
\c@section@level=\count291
)
LaTeX Info: Redefining \ref on input line 99.
LaTeX Info: Redefining \pageref on input line 99.
LaTeX Info: Redefining \nameref on input line 99.
(./OrplastHaf.out) (./OrplastHaf.out)
\@outlinefile=\write3
\openout3 = `OrplastHaf.out'.


(c:/Users/BioPol VS/AppData/Roaming/TinyTeX/texmf-dist/tex/latex/ucs/ucsencs.de
f
File: ucsencs.def 2011/01/21 Fixes to fontencodings LGR, T3
) [1


] [2

] (./OrplastHaf.toc
LaTeX Font Info:    Try loading font information for OT1+lmr on input line 4.
(c:/Users/BioPol VS/AppData/Roaming/TinyTeX/texmf-dist/tex/latex/lm/ot1lmr.fd
File: ot1lmr.fd 2009/10/30 v1.6 Font defs for Latin Modern
)
LaTeX Font Info:    Try loading font information for OML+lmm on input line 4.
(c:/Users/BioPol VS/AppData/Roaming/TinyTeX/texmf-dist/tex/latex/lm/omllmm.fd
File: omllmm.fd 2009/10/30 v1.6 Font defs for Latin Modern
)
LaTeX Font Info:    Try loading font information for OMS+lmsy on input line 4.
(c:/Users/BioPol VS/AppData/Roaming/TinyTeX/texmf-dist/tex/latex/lm/omslmsy.fd
File: omslmsy.fd 2009/10/30 v1.6 Font defs for Latin Modern
)
LaTeX Font Info:    Try loading font information for OMX+lmex on input line 4.
(c:/Users/BioPol VS/AppData/Roaming/TinyTeX/texmf-dist/tex/latex/lm/omxlmex.fd
File: omxlmex.fd 2009/10/30 v1.6 Font defs for Latin Modern
)
LaTeX Font Info:    External font `lmex10' loaded for size
(Font)              <10> on input line 4.
LaTeX Font Info:    External font `lmex10' loaded for size
(Font)              <7> on input line 4.
LaTeX Font Info:    External font `lmex10' loaded for size
(Font)              <5> on input line 4.
LaTeX Font Info:    Try loading font information for U+msa on input line 4.

(c:/Users/BioPol VS/AppData/Roaming/TinyTeX/texmf-dist/tex/latex/amsfonts/umsa.
fd
File: umsa.fd 2013/01/14 v3.01 AMS symbols A
)
LaTeX Font Info:    Try loading font information for U+msb on input line 4.

(c:/Users/BioPol VS/AppData/Roaming/TinyTeX/texmf-dist/tex/latex/amsfonts/umsb.
fd
File: umsb.fd 2013/01/14 v3.01 AMS symbols B
) [3])
\tf@toc=\write4
\openout4 = `OrplastHaf.toc'.

[4] (./OrplastHaf.lot)
\tf@lot=\write5
\openout5 = `OrplastHaf.lot'.

[5

] [6

] (./OrplastHaf.lof
Overfull \hbox (18.72112pt too wide) in paragraph at lines 6--6
 [][] [][]\T1/lmr/m/n/10 Birtingar alþjóðlegra vísindagreina með örplast sem me
ginviðfangsefni 
 []


Overfull \hbox (89.74034pt too wide) in paragraph at lines 6--6
 \T1/lmr/m/n/10 á árunum 2008 til 2018. Fengið af vef [Web of Knowledge](https:
//webofknowledge.com).[] []  
 []


Overfull \hbox (10.13847pt too wide) in paragraph at lines 8--8
 \T1/lmr/m/n/10 (Fotopoulou 2017 og af [vefnum](https://www.nurdlehunt.org.uk/)
) 
 []


Underfull \hbox (badness 2426) in paragraph at lines 10--10
 [][] [][]\T1/lmr/m/n/10 Mæld og áætluð stærðardreifing (lograskali) örplastagn
a í 
 []


Underfull \hbox (badness 1755) in paragraph at lines 13--13
 [][] [][]\T1/lmr/m/n/10 Fjögur megin vatnasvæði Íslands. Skálínurnar liggja yf
ir 
 []

[7]
Underfull \hbox (badness 1975) in paragraph at lines 22--22
 [][] [][]\T1/lmr/m/n/10 Skip í slipp í höfninni á Skagaströnd. Nokkrar smærri 

 []


Underfull \hbox (badness 4156) in paragraph at lines 22--22
 \T1/lmr/m/n/10 dráttarbrautir eru hér og þar um landið sem þjónusta 
 []

)
\tf@lof=\write6
\openout6 = `OrplastHaf.lof'.

[8]
File: OrplastHaf_files/figure-latex/unnamed-chunk-2-1.pdf Graphic file (type pd
f)
<use OrplastHaf_files/figure-latex/unnamed-chunk-2-1.pdf>
[9

] [10] [11] [12

]
Kafli 1.
LaTeX Font Info:    External font `lmex10' loaded for size
(Font)              <8> on input line 140.
LaTeX Font Info:    External font `lmex10' loaded for size
(Font)              <6> on input line 140.
[13]
File: myndir/polystyrene.png Graphic file (type bmp)
<myndir/polystyrene.png>

Underfull \vbox (badness 10000) has occurred while \output is active []

[14]

LaTeX Warning: Reference `tab:plast' on page 15 undefined on input line 183.

LaTeX Font Info:    Try loading font information for T1+lmtt on input line 185.

(c:/Users/BioPol VS/AppData/Roaming/TinyTeX/texmf-dist/tex/latex/lm/t1lmtt.fd
File: t1lmtt.fd 2009/10/30 v1.6 Font defs for Latin Modern
) [15] [16]
Kafli 2.
File: OrplastHaf_files/figure-latex/pubtrend-1.pdf Graphic file (type pdf)
<use OrplastHaf_files/figure-latex/pubtrend-1.pdf>

Underfull \hbox (badness 10000) in paragraph at lines 212--212
[]\T1/lmr/m/n/10 Mynd 2.1: []Birtingar alþjóðlegra vísindagreina með örplast se
m
 []


Underfull \hbox (badness 3138) in paragraph at lines 212--212
\T1/lmr/m/n/10 meginviðfangsefni á árunum 2008 til 2018. Fengið af vef [Web of
 []

Missing character: There is no „ in font ec-lmr10!

Underfull \vbox (badness 10000) has occurred while \output is active []

[17

]
LaTeX Font Info:    Try loading font information for TS1+lmr on input line 231.

(c:/Users/BioPol VS/AppData/Roaming/TinyTeX/texmf-dist/tex/latex/lm/ts1lmr.fd
File: ts1lmr.fd 2009/10/30 v1.6 Font defs for Latin Modern
) [18]
Underfull \hbox (badness 1270) in paragraph at lines 244--246
\T1/lmr/m/n/10 mismunandi áhrifa á lífríki eftir stærð$[]$ og erfitt hefur reyn
st að lýsa
 []

File: myndir/DriftDensity_isobe2014.png Graphic file (type bmp)
<myndir/DriftDensity_isobe2014.png>
[19] [20]
Missing character: There is no „ in font ec-lmr10!

Overfull \hbox (10.40465pt too wide) in paragraph at lines 277--277
[][]\T1/lmr/bx/n/14.4 Niðurbrot örplasts í hafinu og upptaka í fæðukeðjur 
 []


Underfull \hbox (badness 3271) in paragraph at lines 285--286
\T1/lmr/m/n/10 terefþalat og pólýúretön) sem gerir fjölliðurnar mis-berskjaldað
ar fyrir
 []

File: myndir/small-plastics_FLAEDIRIT.png Graphic file (type bmp)
<myndir/small-plastics_FLAEDIRIT.png>

Underfull \hbox (badness 2486) in paragraph at lines 293--293
\T1/lmr/m/n/10 2017 og af [vefnum](https://www.nurdlehunt.org.uk/)) [@Fotopoulo
u2017;
 []

[21]
File: myndir/Plast_pit.png Graphic file (type bmp)
<myndir/Plast_pit.png>
[22]
File: OrplastHaf_files/figure-latex/cozer-1.pdf Graphic file (type pdf)
<use OrplastHaf_files/figure-latex/cozer-1.pdf>

Underfull \hbox (badness 2443) in paragraph at lines 324--324
[]\T1/lmr/m/n/10 Mynd 2.5: []Mæld og áætluð stærðardreifing (lograskali) örplas
tagna í
 []

[23]
File: myndir/synataka.png Graphic file (type bmp)
<myndir/synataka.png>
[24] [25] [26

]
Kafli 3.

LaTeX Warning: Reference `tab:fartafla' on page 27 undefined on input line 349.



Underfull \vbox (badness 10000) has occurred while \output is active []

[27]
File: myndir/map.png Graphic file (type bmp)
<myndir/map.png>

Underfull \hbox (badness 10000) in paragraph at lines 392--392
[][][][]$\T1/lmr/m/n/8 http : / / px . hagstofa . is / pxis / pxweb / is / Ibua
r / Ibuar _ _mannfjoldi _ _2 _
 []


Underfull \hbox (badness 10000) in paragraph at lines 392--392
\T1/lmr/m/n/8 byggdir _ _Byggdakjarnar / MAN03106 . px / table / tableViewLayou
t1 / ?rxid =
 []


Underfull \vbox (badness 5175) has occurred while \output is active []

[28] [29]
File: OrplastHaf_files/figure-latex/skolp-1.pdf Graphic file (type pdf)
<use OrplastHaf_files/figure-latex/skolp-1.pdf>
Missing character: There is no „ in font ec-lmr8!
[30] [31] [32

]
Kafli 4.
File: OrplastHaf_files/figure-latex/unnamed-chunk-6-1.pdf Graphic file (type pd
f)
<use OrplastHaf_files/figure-latex/unnamed-chunk-6-1.pdf>
Missing character: There is no „ in font ec-lmr8!
Missing character: There is no „ in font ec-lmr8!

Underfull \hbox (badness 2799) in paragraph at lines 451--452
\T1/lmr/m/n/10 Slit á hjólbörðum er ein af stærstu einstöku uppsprettum örplast
s í
 []

Missing character: There is no μ in font ec-lmr8!
[33] [34]
File: OrplastHaf_files/figure-latex/umferdvisitala1-1.pdf Graphic file (type pd
f)
<use OrplastHaf_files/figure-latex/umferdvisitala1-1.pdf>

Underfull \hbox (badness 1509) in paragraph at lines 463--463
\T1/lmr/m/n/10 (stöplar) í þremur völdum sniðum innan höfuðborgarsvæðisins og á
 16
 []

File: myndir/ALTA.png Graphic file (type bmp)
<myndir/ALTA.png>
[35] [36]
Underfull \hbox (badness 1694) in paragraph at lines 495--496
\T1/lmr/m/n/10 mg/km ólíkra þyngdarflokka ökutækja. Samkvæmt Klein (2017)$[]$ e
r
 []

[37]
Overfull \hbox (26.61165pt too wide) in paragraph at lines 515--528
 [][] 
 []

File: OrplastHaf_files/figure-latex/akstur2-1.pdf Graphic file (type pdf)
<use OrplastHaf_files/figure-latex/akstur2-1.pdf>

Overfull \hbox (3.47165pt too wide) in paragraph at lines 549--550
\T1/lmr/m/n/10 kringum frostmark) valda augljóslega einhverju sliti og molnun y
firborðsmerkinga
 []

[38]
Underfull \hbox (badness 1715) in paragraph at lines 555--556
\T1/lmr/m/n/10 þéttbýlisstaði, til dæmis liggja nokkrir vegir Vegagerðarinnar í
 gegnum
 []

[39]
Missing character: There is no ≈ in font ec-lmr10!

Underfull \hbox (badness 1389) in paragraph at lines 559--559
[][][]\T1/lmr/m/n/8 Á Ísafirði, Bolungarvík, Sauðárkróki, Fjallabyggð, Skagastr
önd, Dalvík er málað
 []


Underfull \hbox (badness 3690) in paragraph at lines 559--559
\T1/lmr/m/n/8 en í Hveragerði er massað. Skv. Gauti Ívari Halldórssyni framkvæm
dastjóra
 []


Overfull \hbox (92.94359pt too wide) in paragraph at lines 565--575
 [][] 
 []

File: OrplastHaf_files/figure-latex/vegmerkingar2-1.pdf Graphic file (type pdf)

<use OrplastHaf_files/figure-latex/vegmerkingar2-1.pdf>
[40] [41]
Underfull \hbox (badness 1783) in paragraph at lines 597--598
[]\T1/lmr/m/n/10 Allar flugbrautir á Keflavíkurflugvelli afvatnast út í jarðveg
inn í kring
 []

[42]
Underfull \hbox (badness 1460) in paragraph at lines 611--612
[]\T1/lmr/m/n/10 Timburklædd hús þarf að mála oftar en steinhús. Á Íslandi er l
ítið
 []


Underfull \hbox (badness 1616) in paragraph at lines 611--612
\T1/lmr/m/n/10 um timburklædd hús en hér eru aftur á móti nánast engar ómálaðar

 []

[43] [44]
File: OrplastHaf_files/figure-latex/unnamed-chunk-8-1.pdf Graphic file (type pd
f)
<use OrplastHaf_files/figure-latex/unnamed-chunk-8-1.pdf>
File: myndir/slippurb.jpg Graphic file (type bmp)
<myndir/slippurb.jpg>
[45] [46]
Missing character: There is no ö in font lmmi10!
Missing character: There is no ú in font lmmi10!
Missing character: There is no ó in font lmmi10!
File: OrplastHaf_files/figure-latex/slippur-1.pdf Graphic file (type pdf)
<use OrplastHaf_files/figure-latex/slippur-1.pdf>
File: OrplastHaf_files/figure-latex/slippur-2.pdf Graphic file (type pdf)
<use OrplastHaf_files/figure-latex/slippur-2.pdf>
[47] [48]
Underfull \vbox (badness 5592) has occurred while \output is active []

[49] [50]
File: OrplastHaf_files/figure-latex/unnamed-chunk-11-1.pdf Graphic file (type p
df)
<use OrplastHaf_files/figure-latex/unnamed-chunk-11-1.pdf>

Underfull \hbox (badness 10000) in paragraph at lines 794--795
[]\T1/lmr/m/n/10 Samkvæmt upplýsingum frá skipulagssviði Reykjavíkurborgar eru 
39
 []

[51] [52]
Underfull \hbox (badness 10000) in paragraph at lines 811--811
\T1/lmr/m/n/8 / / px . hagstofa . is / pxis / pxweb / is / Ibuar / Ibuar _ _man
ntal _ _1manntalfjolsk / CEN01050 . px/$[]]),
 []


Underfull \hbox (badness 10000) in paragraph at lines 811--811
\T1/lmr/m/n/8 (fjöldi í heimili[[]$http : / / px . hagstofa . is / pxis / pxweb
 / is / Efnahagur / Efnahagur _ _visitolur _
 []

[53] [54] [55]
Underfull \vbox (badness 10000) has occurred while \output is active []

[56]
File: OrplastHaf_files/figure-latex/ospartafla-1.pdf Graphic file (type pdf)
<use OrplastHaf_files/figure-latex/ospartafla-1.pdf>
[57]
Missing character: There is no μ in font ec-lmr10!
[58] [59]
Underfull \hbox (badness 1173) in paragraph at lines 1039--1040
[]\T1/lmr/m/n/10 Í flokkunum tengdum matvælaframleiðslu og umhverfi var hve min
nstar
 []

[60]
Overfull \hbox (2.47679pt too wide) in paragraph at lines 1055--1057
\T1/lmr/m/n/10 2015:56. []$http : / / www . mast . is / library / Fyrirlestrar 
/ snertiefnimatvaela150414KG .
 []


Underfull \hbox (badness 1237) in paragraph at lines 1064--1066
[][]\T1/lmr/m/n/10 7. Tsuji H, Suzuyoshi K. Environmental degradation of biodeg
radable
 []


Underfull \hbox (badness 1237) in paragraph at lines 1067--1069
[][]\T1/lmr/m/n/10 8. Tsuji H, Suzuyoshi K. Environmental degradation of biodeg
radable
 []

[61

]
Underfull \hbox (badness 1337) in paragraph at lines 1088--1090
[][]\T1/lmr/m/n/10 15. Besseling E, Quik JT, Sun M, Koelmans AA. Fate of nano-a
nd
 []


Underfull \hbox (badness 1337) in paragraph at lines 1088--1090
\T1/lmr/m/n/10 microplastic in freshwater systems: A modeling study. \T1/lmr/m/
it/10 Environmental
 []

Missing character: There is no ı in font ec-lmr10!
Missing character: There is no ́ in font ec-lmr10!
Missing character: There is no „ in font ec-lmr10!
Missing character: There is no ı in font ec-lmr10!
Missing character: There is no ́ in font ec-lmr10!
Missing character: There is no ≥ in font ec-lmr10!
[62]
Underfull \hbox (badness 1057) in paragraph at lines 1130--1132
[][]\T1/lmr/m/n/10 29. Auta HS, Emenike C, Fauziah S. Distribution and importan
ce of
 []


Underfull \hbox (badness 1400) in paragraph at lines 1145--1147
\T1/lmr/m/n/10 consequences and solutions. Í: \T1/lmr/m/it/10 Marine anthropoge
nic litter\T1/lmr/m/n/10 . Springer;
 []


Underfull \hbox (badness 1342) in paragraph at lines 1160--1162
[][]\T1/lmr/m/n/10 39. Gewert B, Ogonowski M, Barth A, Macleod M. Abundance and

 []

[63]
Missing character: There is no „ in font ec-lmr10!

Overfull \hbox (15.9677pt too wide) in paragraph at lines 1178--1180
[][]\T1/lmr/m/n/10 45. Sameiginlega Ees-nefndin. \T1/lmr/m/it/10 EES-viðbætir v
ið Stjórnartíðindi Evrópusambandsins
 []


Overfull \hbox (18.49692pt too wide) in paragraph at lines 1178--1180
\T1/lmr/m/it/10 nr. 54\T1/lmr/m/n/10 .; 2007. []$http : / / www . efta . int / 
sites / default / ^^\les / documents / eea-[]supplements /
 []


Underfull \hbox (badness 1577) in paragraph at lines 1184--1186
[][]\T1/lmr/m/n/10 47. Barnes DK, Galgani F, Thompson RC, Barlaz M. Accumulatio
n
 []


Underfull \hbox (badness 4518) in paragraph at lines 1184--1186
\T1/lmr/m/it/10 Transactions of the Royal Society of London B: Biological Scien
ces\T1/lmr/m/n/10 .
 []


Underfull \hbox (badness 1769) in paragraph at lines 1202--1204
[][]\T1/lmr/m/n/10 53. Nozari A, Mojdehi M. \T1/lmr/m/it/10 The impact of suppl
y chain management
 []

[64]
Underfull \hbox (badness 1655) in paragraph at lines 1211--1213
[][]\T1/lmr/m/n/10 56. Renner G, Schmidt TC, Schram J. Analytical methodologies
 for
 []


Overfull \hbox (70.39703pt too wide) in paragraph at lines 1211--1213
\T1/lmr/m/it/10 Environmental Science & Health\T1/lmr/m/n/10 . 2018;1:55--61. d
oi:[]https://doi.org/10.1016/j.coesh.2017.11.001[] 
 []


Underfull \hbox (badness 1275) in paragraph at lines 1223--1225
\T1/lmr/m/n/10 and spectroscopic identification methods for analysis of micropl
astics in
 []


Underfull \hbox (badness 2409) in paragraph at lines 1226--1228
\T1/lmr/m/n/10 of microplastics using Nile Red staining. \T1/lmr/m/it/10 Marine
 Pollution Bulletin\T1/lmr/m/n/10 .
 []


Underfull \hbox (badness 1478) in paragraph at lines 1229--1231
\T1/lmr/m/n/10 Dispersive X-Ray Spectroscopy (SEM-EDS). Í: \T1/lmr/m/it/10 Comp
rehensive Analytical
 []


Underfull \hbox (badness 1242) in paragraph at lines 1241--1243
[][]\T1/lmr/m/n/10 66. Bergmann M, Wirzberger V, Krumpen T, o.fl. High Quantiti
es
 []


Underfull \hbox (badness 1286) in paragraph at lines 1241--1243
\T1/lmr/m/n/10 of Microplastic in Arctic Deep-Sea Sediments from the HAUSGARTEN

 []

[65]
Underfull \hbox (badness 10000) in paragraph at lines 1253--1255
\T1/lmr/m/n/10 Skrar / Atvinnulif / Haf-[]og-[]vatn / Vatnatilskipun / Audkenni
snumeraker^^\ _ isl _
 []


Overfull \hbox (26.70386pt too wide) in paragraph at lines 1256--1258
[][]\T1/lmr/m/n/10 71. OpenStreetMap contributors. Planet dump retrieved from h
ttps://planet.osm.org.
 []


Underfull \hbox (badness 10000) in paragraph at lines 1259--1261
[]\T1/lmr/m/n/10 http://www.vafri.hi.is/wp-content/uploads/2012/10/2.L{\'{i}}fr
{\ae}n-
 []


Overfull \hbox (17.47202pt too wide) in paragraph at lines 1262--1264
\T1/lmr/m/n/10 efni/astand-fridlystra-svaeda/Stöðuskýrsla 2017 um fr{\'{a}}renn
slism{\'{a}}l.pdf[]. 
 []

[66]
Overfull \hbox (140.06345pt too wide) in paragraph at lines 1301--1303
\T1/lmr/m/n/10 microplastics and potential mitigation measures. 2016:76. []http
s://www.rivm.nl/dsresource?objectid=dad60794-
 []


Underfull \hbox (badness 2057) in paragraph at lines 1307--1309
[][]\T1/lmr/m/n/10 88. ECHA (European Chemicals Agency. \T1/lmr/m/it/10 Guidanc
e on information
 []


Underfull \hbox (badness 1337) in paragraph at lines 1310--1312
\T1/lmr/m/n/10 microplastic in freshwater systems: A modeling study. \T1/lmr/m/
it/10 Environmental
 []


Underfull \hbox (badness 1221) in paragraph at lines 1322--1324
\T1/lmr/m/it/10 The Waste & Resources Action Programme TYR0009-02\T1/lmr/m/n/10
 .; 2006. []$http :
 []


Underfull \hbox (badness 10000) in paragraph at lines 1322--1324
\T1/lmr/m/n/10 / / www . wrap . org . uk / sites / ^^\les / wrap / 2 % 20-[] % 
20Composition % 20of % 20a %
 []

[67]
Underfull \hbox (badness 3471) in paragraph at lines 1343--1345
[][]\T1/lmr/m/n/10 100. Klein J, Geilenkirchen G, Hulskotte J, Ligterink N, Mol
nár-
 []


Underfull \hbox (badness 1097) in paragraph at lines 1343--1345
\T1/lmr/m/n/10 in't Veld H. Methods for calculating the emissions of transport 
in the
 []


Underfull \hbox (badness 1365) in paragraph at lines 1343--1345
\T1/lmr/m/n/10 Netherlands. \T1/lmr/m/it/10 The report, including the tables in
 the Excelfile, can be
 []


Underfull \hbox (badness 3417) in paragraph at lines 1349--1351
[][]\T1/lmr/m/n/10 102. Ökopol. \T1/lmr/m/it/10 EUROPEAN COMMISSION SERVICE CON
TRACT
 []


Underfull \hbox (badness 4569) in paragraph at lines 1349--1351
\T1/lmr/m/it/10 IMPLEMENTATION AND REVIEW OF DIRECTIVE 2004 / 42 /
 []


Underfull \hbox (badness 3884) in paragraph at lines 1349--1351
\T1/lmr/m/it/10 EC EUROPEAN DIRECTIVE LIMITING THE VOC CONTENT IN
 []


Underfull \hbox (badness 5431) in paragraph at lines 1361--1363
\T1/lmr/m/n/10 and Inks (intentional and non-intentional use) Stakeholder works
hop
 []


Underfull \hbox (badness 4913) in paragraph at lines 1361--1363
\T1/lmr/m/n/10 on intentional uses of microplastic particles-Sector-specific di
scussions.
 []


Underfull \hbox (badness 10000) in paragraph at lines 1361--1363
\T1/lmr/m/n/10 2018. []https://echa.europa.eu/documents/10162/23964241/09{\_}cc
b-
 []


Overfull \hbox (14.30426pt too wide) in paragraph at lines 1364--1366
[][]\T1/lmr/m/n/10 107. Guðmundsson AT, Ólafsson F. \T1/lmr/m/it/10 Húsafriðuna
rnefnd ríkisins\T1/lmr/m/n/10 . Húsafriðunarnefnd
 []

[68]
Overfull \hbox (764.00728pt too wide) in paragraph at lines 1376--1378
\T1/lmr/m/it/10 Sustainable Built Environment\T1/lmr/m/n/10 .; 2016. []https://
www.researchgate.net/publication/312042870{\_}USE{\_}OF{\_}WASTE{\_}RUBBER{\_}G
RANULES{\_}FOR{\_}THE{\_}PRODUCTION{\_}OF{\_}CONCRETE{\_}PAVING{\_}BLOCKS[]. 
 []


Overfull \hbox (10.49309pt too wide) in paragraph at lines 1382--1384
[][]\T1/lmr/m/n/10 113. Magnusson K. Mikroskräp i avloppsvatten från tre norska
 avloppsreningsverk.
 []


Underfull \hbox (badness 2903) in paragraph at lines 1397--1399
[][]\T1/lmr/m/n/10 118. Shen L, Patel MK. LIFE CYCLE ASSESSMENT OF MAN-
 []


Underfull \hbox (badness 1817) in paragraph at lines 1412--1414
[][]\T1/lmr/m/n/10 123. Leslie HA. IVM Institute for Environmental Studies Revi
ew of
 []


Underfull \hbox (badness 1048) in paragraph at lines 1415--1417
\T1/lmr/m/n/10 O. Intentionally added microplastics in products. 2017;(October)
:1--220.
 []


Underfull \hbox (badness 10000) in paragraph at lines 1415--1417
[]\T1/lmr/m/n/10 http://ec.europa.eu/environment/chemicals/reach/pdf/39168 Inte
ntionally
 []

[69]
Package atveryend Info: Empty hook `BeforeClearDocument' on input line 1437.
[70]
Package atveryend Info: Empty hook `AfterLastShipout' on input line 1437.
(./OrplastHaf.aux)
Package atveryend Info: Empty hook `AtVeryEndDocument' on input line 1437.
Package atveryend Info: Executing hook `AtEndAfterFileList' on input line 1437.

Package rerunfilecheck Info: File `OrplastHaf.out' has not changed.
(rerunfilecheck)             Checksum: 66CD7F0009B0EE14CB67BA34969832F9.

LaTeX Warning: There were undefined references.

 ) 
Here is how much of TeX's memory you used:
 22472 strings out of 494921
 427676 string characters out of 6175832
 521321 words of memory out of 5000000
 26140 multiletter control sequences out of 15000+600000
 607202 words of font info for 73 fonts, out of 8000000 for 9000
 14 hyphenation exceptions out of 8191
 45i,8n,41p,2290b,446s stack positions out of 5000i,500n,10000p,200000b,80000s

Output written on OrplastHaf.pdf (70 pages).
